{"C:\\Users\\pavlo\\WebstormProjects\\4web - Copy - Copy\\src\\App.js": {"path":"C:\\Users\\pavlo\\WebstormProjects\\4web - Copy - Copy\\src\\App.js","statementMap":{"0":{"start":{"line":14,"column":2},"end":{"line":26,"column":13}}},"fnMap":{"0":{"name":"App","decl":{"start":{"line":13,"column":9},"end":{"line":13,"column":12}},"loc":{"start":{"line":13,"column":15},"end":{"line":27,"column":1}},"line":13}},"branchMap":{},"s":{"0":1},"f":{"0":1},"b":{},"_coverageSchema":"1a1c01bbd47fc00a2c39e90264f33305004495a9","hash":"01affc370019c25012ee18bf24cd1416fe9822ba"}
,"C:\\Users\\pavlo\\WebstormProjects\\4web - Copy - Copy\\src\\Components\\Header.js": {"path":"C:\\Users\\pavlo\\WebstormProjects\\4web - Copy - Copy\\src\\Components\\Header.js","statementMap":{"0":{"start":{"line":6,"column":14},"end":{"line":34,"column":1}},"1":{"start":{"line":7,"column":24},"end":{"line":7,"column":70}},"2":{"start":{"line":9,"column":23},"end":{"line":9,"column":36}},"3":{"start":{"line":10,"column":25},"end":{"line":14,"column":5}},"4":{"start":{"line":11,"column":8},"end":{"line":11,"column":27}},"5":{"start":{"line":12,"column":8},"end":{"line":12,"column":46}},"6":{"start":{"line":13,"column":8},"end":{"line":13,"column":28}},"7":{"start":{"line":17,"column":22},"end":{"line":21,"column":6}},"8":{"start":{"line":18,"column":8},"end":{"line":21,"column":5}},"9":{"start":{"line":19,"column":12},"end":{"line":19,"column":30}},"10":{"start":{"line":20,"column":12},"end":{"line":20,"column":32}},"11":{"start":{"line":23,"column":4},"end":{"line":33,"column":5}}},"fnMap":{"0":{"name":"(anonymous_0)","decl":{"start":{"line":6,"column":14},"end":{"line":6,"column":15}},"loc":{"start":{"line":6,"column":20},"end":{"line":34,"column":1}},"line":6},"1":{"name":"(anonymous_1)","decl":{"start":{"line":10,"column":25},"end":{"line":10,"column":26}},"loc":{"start":{"line":10,"column":30},"end":{"line":14,"column":5}},"line":10},"2":{"name":"(anonymous_2)","decl":{"start":{"line":17,"column":22},"end":{"line":17,"column":23}},"loc":{"start":{"line":17,"column":27},"end":{"line":21,"column":6}},"line":17}},"branchMap":{"0":{"loc":{"start":{"line":18,"column":8},"end":{"line":21,"column":5}},"type":"if","locations":[{"start":{"line":18,"column":8},"end":{"line":21,"column":5}},{"start":{},"end":{}}],"line":18}},"s":{"0":10,"1":17,"2":17,"3":17,"4":1,"5":1,"6":1,"7":17,"8":0,"9":0,"10":0,"11":17},"f":{"0":17,"1":1,"2":0},"b":{"0":[0,0]},"_coverageSchema":"1a1c01bbd47fc00a2c39e90264f33305004495a9","hash":"569dc7c4890da2aed3493905642835b655c0adf4"}
,"C:\\Users\\pavlo\\WebstormProjects\\4web - Copy - Copy\\src\\Components\\ResList.js": {"path":"C:\\Users\\pavlo\\WebstormProjects\\4web - Copy - Copy\\src\\Components\\ResList.js","statementMap":{"0":{"start":{"line":6,"column":16},"end":{"line":23,"column":1}},"1":{"start":{"line":7,"column":4},"end":{"line":22,"column":6}},"2":{"start":{"line":10,"column":16},"end":{"line":19,"column":18}},"3":{"start":{"line":25,"column":0},"end":{"line":27,"column":2}}},"fnMap":{"0":{"name":"(anonymous_0)","decl":{"start":{"line":6,"column":16},"end":{"line":6,"column":17}},"loc":{"start":{"line":6,"column":29},"end":{"line":23,"column":1}},"line":6},"1":{"name":"(anonymous_1)","decl":{"start":{"line":9,"column":23},"end":{"line":9,"column":24}},"loc":{"start":{"line":9,"column":28},"end":{"line":20,"column":13}},"line":9}},"branchMap":{},"s":{"0":3,"1":1,"2":3,"3":3},"f":{"0":1,"1":3},"b":{},"_coverageSchema":"1a1c01bbd47fc00a2c39e90264f33305004495a9","hash":"b346ed281bddc096c9ccb4dc99f863a56b6feef6"}
,"C:\\Users\\pavlo\\WebstormProjects\\4web - Copy - Copy\\src\\Pages\\Account.js": {"path":"C:\\Users\\pavlo\\WebstormProjects\\4web - Copy - Copy\\src\\Pages\\Account.js","statementMap":{"0":{"start":{"line":6,"column":16},"end":{"line":50,"column":5}},"1":{"start":{"line":7,"column":24},"end":{"line":7,"column":70}},"2":{"start":{"line":8,"column":19},"end":{"line":8,"column":40}},"3":{"start":{"line":14,"column":4},"end":{"line":31,"column":10}},"4":{"start":{"line":15,"column":24},"end":{"line":15,"column":37}},"5":{"start":{"line":17,"column":8},"end":{"line":17,"column":71}},"6":{"start":{"line":18,"column":8},"end":{"line":18,"column":56}},"7":{"start":{"line":21,"column":8},"end":{"line":28,"column":10}},"8":{"start":{"line":25,"column":12},"end":{"line":27,"column":13}},"9":{"start":{"line":26,"column":16},"end":{"line":26,"column":39}},"10":{"start":{"line":34,"column":8},"end":{"line":48,"column":19}}},"fnMap":{"0":{"name":"(anonymous_0)","decl":{"start":{"line":6,"column":16},"end":{"line":6,"column":17}},"loc":{"start":{"line":6,"column":22},"end":{"line":50,"column":5}},"line":6},"1":{"name":"(anonymous_1)","decl":{"start":{"line":14,"column":14},"end":{"line":14,"column":15}},"loc":{"start":{"line":14,"column":20},"end":{"line":31,"column":5}},"line":14},"2":{"name":"(anonymous_2)","decl":{"start":{"line":24,"column":16},"end":{"line":24,"column":17}},"loc":{"start":{"line":24,"column":30},"end":{"line":28,"column":9}},"line":24}},"branchMap":{"0":{"loc":{"start":{"line":25,"column":12},"end":{"line":27,"column":13}},"type":"if","locations":[{"start":{"line":25,"column":12},"end":{"line":27,"column":13}},{"start":{},"end":{}}],"line":25}},"s":{"0":2,"1":5,"2":5,"3":4,"4":0,"5":0,"6":0,"7":0,"8":0,"9":0,"10":4},"f":{"0":5,"1":0,"2":0},"b":{"0":[0,0]},"_coverageSchema":"1a1c01bbd47fc00a2c39e90264f33305004495a9","hash":"2e611c44d91b679b7efb805aaa9d5703a9c7dbd0"}
,"C:\\Users\\pavlo\\WebstormProjects\\4web - Copy - Copy\\src\\Pages\\AccountEdit.js": {"path":"C:\\Users\\pavlo\\WebstormProjects\\4web - Copy - Copy\\src\\Pages\\AccountEdit.js","statementMap":{"0":{"start":{"line":6,"column":20},"end":{"line":144,"column":5}},"1":{"start":{"line":7,"column":24},"end":{"line":7,"column":70}},"2":{"start":{"line":9,"column":20},"end":{"line":9,"column":33}},"3":{"start":{"line":11,"column":4},"end":{"line":11,"column":66}},"4":{"start":{"line":12,"column":4},"end":{"line":12,"column":52}},"5":{"start":{"line":14,"column":21},"end":{"line":20,"column":5}},"6":{"start":{"line":15,"column":8},"end":{"line":19,"column":11}},"7":{"start":{"line":23,"column":23},"end":{"line":23,"column":36}},"8":{"start":{"line":24,"column":30},"end":{"line":24,"column":42}},"9":{"start":{"line":26,"column":28},"end":{"line":32,"column":6}},"10":{"start":{"line":34,"column":25},"end":{"line":37,"column":5}},"11":{"start":{"line":35,"column":8},"end":{"line":35,"column":23}},"12":{"start":{"line":36,"column":8},"end":{"line":36,"column":60}},"13":{"start":{"line":40,"column":32},"end":{"line":61,"column":5}},"14":{"start":{"line":41,"column":8},"end":{"line":41,"column":26}},"15":{"start":{"line":43,"column":8},"end":{"line":57,"column":10}},"16":{"start":{"line":47,"column":12},"end":{"line":54,"column":13}},"17":{"start":{"line":48,"column":16},"end":{"line":48,"column":54}},"18":{"start":{"line":49,"column":16},"end":{"line":49,"column":36}},"19":{"start":{"line":51,"column":16},"end":{"line":53,"column":18}},"20":{"start":{"line":52,"column":20},"end":{"line":52,"column":34}},"21":{"start":{"line":56,"column":12},"end":{"line":56,"column":26}},"22":{"start":{"line":63,"column":30},"end":{"line":97,"column":5}},"23":{"start":{"line":64,"column":8},"end":{"line":64,"column":26}},"24":{"start":{"line":66,"column":24},"end":{"line":66,"column":37}},"25":{"start":{"line":68,"column":8},"end":{"line":68,"column":70}},"26":{"start":{"line":69,"column":8},"end":{"line":69,"column":56}},"27":{"start":{"line":73,"column":8},"end":{"line":73,"column":23}},"28":{"start":{"line":74,"column":29},"end":{"line":79,"column":9}},"29":{"start":{"line":81,"column":8},"end":{"line":93,"column":40}},"30":{"start":{"line":83,"column":12},"end":{"line":92,"column":13}},"31":{"start":{"line":84,"column":16},"end":{"line":84,"column":61}},"32":{"start":{"line":85,"column":16},"end":{"line":85,"column":61}},"33":{"start":{"line":86,"column":16},"end":{"line":86,"column":86}},"34":{"start":{"line":87,"column":16},"end":{"line":87,"column":38}},"35":{"start":{"line":91,"column":16},"end":{"line":91,"column":63}},"36":{"start":{"line":91,"column":47},"end":{"line":91,"column":61}},"37":{"start":{"line":93,"column":24},"end":{"line":93,"column":38}},"38":{"start":{"line":98,"column":8},"end":{"line":141,"column":15}}},"fnMap":{"0":{"name":"(anonymous_0)","decl":{"start":{"line":6,"column":20},"end":{"line":6,"column":21}},"loc":{"start":{"line":6,"column":26},"end":{"line":144,"column":5}},"line":6},"1":{"name":"(anonymous_1)","decl":{"start":{"line":14,"column":21},"end":{"line":14,"column":22}},"loc":{"start":{"line":14,"column":37},"end":{"line":20,"column":5}},"line":14},"2":{"name":"(anonymous_2)","decl":{"start":{"line":34,"column":25},"end":{"line":34,"column":26}},"loc":{"start":{"line":34,"column":30},"end":{"line":37,"column":5}},"line":34},"3":{"name":"(anonymous_3)","decl":{"start":{"line":40,"column":32},"end":{"line":40,"column":33}},"loc":{"start":{"line":40,"column":42},"end":{"line":61,"column":5}},"line":40},"4":{"name":"(anonymous_4)","decl":{"start":{"line":46,"column":16},"end":{"line":46,"column":17}},"loc":{"start":{"line":46,"column":29},"end":{"line":55,"column":9}},"line":46},"5":{"name":"(anonymous_5)","decl":{"start":{"line":51,"column":37},"end":{"line":51,"column":38}},"loc":{"start":{"line":51,"column":47},"end":{"line":53,"column":17}},"line":51},"6":{"name":"(anonymous_6)","decl":{"start":{"line":55,"column":17},"end":{"line":55,"column":18}},"loc":{"start":{"line":55,"column":23},"end":{"line":57,"column":9}},"line":55},"7":{"name":"(anonymous_7)","decl":{"start":{"line":63,"column":30},"end":{"line":63,"column":31}},"loc":{"start":{"line":63,"column":41},"end":{"line":97,"column":5}},"line":63},"8":{"name":"(anonymous_8)","decl":{"start":{"line":81,"column":36},"end":{"line":81,"column":37}},"loc":{"start":{"line":82,"column":8},"end":{"line":93,"column":9}},"line":82},"9":{"name":"(anonymous_9)","decl":{"start":{"line":91,"column":37},"end":{"line":91,"column":38}},"loc":{"start":{"line":91,"column":46},"end":{"line":91,"column":62}},"line":91},"10":{"name":"(anonymous_10)","decl":{"start":{"line":93,"column":17},"end":{"line":93,"column":18}},"loc":{"start":{"line":93,"column":23},"end":{"line":93,"column":39}},"line":93}},"branchMap":{"0":{"loc":{"start":{"line":47,"column":12},"end":{"line":54,"column":13}},"type":"if","locations":[{"start":{"line":47,"column":12},"end":{"line":54,"column":13}},{"start":{"line":50,"column":15},"end":{"line":54,"column":13}}],"line":47},"1":{"loc":{"start":{"line":83,"column":12},"end":{"line":92,"column":13}},"type":"if","locations":[{"start":{"line":83,"column":12},"end":{"line":92,"column":13}},{"start":{"line":90,"column":12},"end":{"line":92,"column":13}}],"line":83}},"s":{"0":2,"1":3,"2":3,"3":3,"4":3,"5":3,"6":1,"7":3,"8":3,"9":3,"10":3,"11":0,"12":0,"13":3,"14":1,"15":1,"16":1,"17":0,"18":0,"19":1,"20":0,"21":1,"22":3,"23":1,"24":1,"25":1,"26":1,"27":1,"28":1,"29":1,"30":1,"31":0,"32":0,"33":0,"34":0,"35":1,"36":0,"37":1,"38":3},"f":{"0":3,"1":1,"2":0,"3":1,"4":1,"5":0,"6":1,"7":1,"8":1,"9":0,"10":1},"b":{"0":[0,1],"1":[0,1]},"_coverageSchema":"1a1c01bbd47fc00a2c39e90264f33305004495a9","hash":"0ed5ef58fe122743d4cbed056be1a613831afa69"}
,"C:\\Users\\pavlo\\WebstormProjects\\4web - Copy - Copy\\src\\Pages\\AccountRegister.js": {"path":"C:\\Users\\pavlo\\WebstormProjects\\4web - Copy - Copy\\src\\Pages\\AccountRegister.js","statementMap":{"0":{"start":{"line":7,"column":24},"end":{"line":107,"column":1}},"1":{"start":{"line":10,"column":23},"end":{"line":16,"column":5}},"2":{"start":{"line":11,"column":8},"end":{"line":15,"column":11}},"3":{"start":{"line":18,"column":23},"end":{"line":18,"column":36}},"4":{"start":{"line":19,"column":30},"end":{"line":19,"column":44}},"5":{"start":{"line":21,"column":28},"end":{"line":27,"column":6}},"6":{"start":{"line":29,"column":25},"end":{"line":32,"column":5}},"7":{"start":{"line":30,"column":8},"end":{"line":30,"column":23}},"8":{"start":{"line":31,"column":8},"end":{"line":31,"column":60}},"9":{"start":{"line":34,"column":32},"end":{"line":60,"column":5}},"10":{"start":{"line":35,"column":8},"end":{"line":35,"column":27}},"11":{"start":{"line":37,"column":8},"end":{"line":40,"column":9}},"12":{"start":{"line":38,"column":12},"end":{"line":38,"column":62}},"13":{"start":{"line":39,"column":12},"end":{"line":39,"column":18}},"14":{"start":{"line":42,"column":8},"end":{"line":42,"column":22}},"15":{"start":{"line":43,"column":29},"end":{"line":48,"column":9}},"16":{"start":{"line":51,"column":8},"end":{"line":59,"column":38}},"17":{"start":{"line":53,"column":12},"end":{"line":58,"column":13}},"18":{"start":{"line":54,"column":12},"end":{"line":54,"column":84}},"19":{"start":{"line":55,"column":12},"end":{"line":55,"column":34}},"20":{"start":{"line":57,"column":16},"end":{"line":57,"column":62}},"21":{"start":{"line":57,"column":46},"end":{"line":57,"column":60}},"22":{"start":{"line":59,"column":22},"end":{"line":59,"column":36}},"23":{"start":{"line":62,"column":4},"end":{"line":103,"column":5}}},"fnMap":{"0":{"name":"(anonymous_0)","decl":{"start":{"line":7,"column":24},"end":{"line":7,"column":25}},"loc":{"start":{"line":7,"column":30},"end":{"line":107,"column":1}},"line":7},"1":{"name":"(anonymous_1)","decl":{"start":{"line":10,"column":23},"end":{"line":10,"column":24}},"loc":{"start":{"line":10,"column":39},"end":{"line":16,"column":5}},"line":10},"2":{"name":"(anonymous_2)","decl":{"start":{"line":29,"column":25},"end":{"line":29,"column":26}},"loc":{"start":{"line":29,"column":30},"end":{"line":32,"column":5}},"line":29},"3":{"name":"(anonymous_3)","decl":{"start":{"line":34,"column":32},"end":{"line":34,"column":33}},"loc":{"start":{"line":34,"column":43},"end":{"line":60,"column":5}},"line":34},"4":{"name":"(anonymous_4)","decl":{"start":{"line":51,"column":38},"end":{"line":51,"column":39}},"loc":{"start":{"line":52,"column":8},"end":{"line":59,"column":9}},"line":52},"5":{"name":"(anonymous_5)","decl":{"start":{"line":57,"column":37},"end":{"line":57,"column":38}},"loc":{"start":{"line":57,"column":45},"end":{"line":57,"column":61}},"line":57},"6":{"name":"(anonymous_6)","decl":{"start":{"line":59,"column":17},"end":{"line":59,"column":18}},"loc":{"start":{"line":59,"column":21},"end":{"line":59,"column":37}},"line":59}},"branchMap":{"0":{"loc":{"start":{"line":37,"column":8},"end":{"line":40,"column":9}},"type":"if","locations":[{"start":{"line":37,"column":8},"end":{"line":40,"column":9}},{"start":{},"end":{}}],"line":37},"1":{"loc":{"start":{"line":53,"column":12},"end":{"line":58,"column":13}},"type":"if","locations":[{"start":{"line":53,"column":12},"end":{"line":58,"column":13}},{"start":{"line":56,"column":14},"end":{"line":58,"column":13}}],"line":53}},"s":{"0":2,"1":2,"2":1,"3":2,"4":2,"5":2,"6":2,"7":0,"8":0,"9":2,"10":1,"11":1,"12":0,"13":0,"14":1,"15":1,"16":1,"17":1,"18":0,"19":0,"20":1,"21":0,"22":1,"23":2},"f":{"0":2,"1":1,"2":0,"3":1,"4":1,"5":0,"6":1},"b":{"0":[0,1],"1":[0,1]},"_coverageSchema":"1a1c01bbd47fc00a2c39e90264f33305004495a9","hash":"d57cadf46f9de2b28a09be7d34c920f68f183120"}
,"C:\\Users\\pavlo\\WebstormProjects\\4web - Copy - Copy\\src\\Pages\\Login.js": {"path":"C:\\Users\\pavlo\\WebstormProjects\\4web - Copy - Copy\\src\\Pages\\Login.js","statementMap":{"0":{"start":{"line":8,"column":14},"end":{"line":72,"column":13}},"1":{"start":{"line":10,"column":22},"end":{"line":16,"column":5}},"2":{"start":{"line":11,"column":8},"end":{"line":15,"column":11}},"3":{"start":{"line":18,"column":23},"end":{"line":18,"column":36}},"4":{"start":{"line":19,"column":28},"end":{"line":22,"column":6}},"5":{"start":{"line":23,"column":30},"end":{"line":23,"column":42}},"6":{"start":{"line":25,"column":25},"end":{"line":28,"column":5}},"7":{"start":{"line":26,"column":8},"end":{"line":26,"column":23}},"8":{"start":{"line":27,"column":8},"end":{"line":27,"column":59}},"9":{"start":{"line":30,"column":29},"end":{"line":51,"column":5}},"10":{"start":{"line":31,"column":8},"end":{"line":31,"column":27}},"11":{"start":{"line":33,"column":27},"end":{"line":36,"column":9}},"12":{"start":{"line":38,"column":8},"end":{"line":49,"column":11}},"13":{"start":{"line":39,"column":12},"end":{"line":46,"column":13}},"14":{"start":{"line":40,"column":16},"end":{"line":40,"column":88}},"15":{"start":{"line":41,"column":16},"end":{"line":41,"column":39}},"16":{"start":{"line":43,"column":16},"end":{"line":45,"column":19}},"17":{"start":{"line":44,"column":20},"end":{"line":44,"column":34}},"18":{"start":{"line":48,"column":12},"end":{"line":48,"column":27}},"19":{"start":{"line":53,"column":8},"end":{"line":71,"column":15}}},"fnMap":{"0":{"name":"(anonymous_0)","decl":{"start":{"line":8,"column":14},"end":{"line":8,"column":15}},"loc":{"start":{"line":8,"column":20},"end":{"line":72,"column":13}},"line":8},"1":{"name":"(anonymous_1)","decl":{"start":{"line":10,"column":22},"end":{"line":10,"column":23}},"loc":{"start":{"line":10,"column":38},"end":{"line":16,"column":5}},"line":10},"2":{"name":"(anonymous_2)","decl":{"start":{"line":25,"column":25},"end":{"line":25,"column":26}},"loc":{"start":{"line":25,"column":30},"end":{"line":28,"column":5}},"line":25},"3":{"name":"(anonymous_3)","decl":{"start":{"line":30,"column":29},"end":{"line":30,"column":30}},"loc":{"start":{"line":30,"column":40},"end":{"line":51,"column":5}},"line":30},"4":{"name":"(anonymous_4)","decl":{"start":{"line":38,"column":37},"end":{"line":38,"column":38}},"loc":{"start":{"line":38,"column":49},"end":{"line":47,"column":9}},"line":38},"5":{"name":"(anonymous_5)","decl":{"start":{"line":43,"column":37},"end":{"line":43,"column":38}},"loc":{"start":{"line":43,"column":47},"end":{"line":45,"column":17}},"line":43},"6":{"name":"(anonymous_6)","decl":{"start":{"line":47,"column":17},"end":{"line":47,"column":18}},"loc":{"start":{"line":47,"column":23},"end":{"line":49,"column":9}},"line":47}},"branchMap":{"0":{"loc":{"start":{"line":39,"column":12},"end":{"line":46,"column":13}},"type":"if","locations":[{"start":{"line":39,"column":12},"end":{"line":46,"column":13}},{"start":{"line":42,"column":19},"end":{"line":46,"column":13}}],"line":39}},"s":{"0":2,"1":3,"2":1,"3":3,"4":3,"5":3,"6":3,"7":0,"8":0,"9":3,"10":1,"11":1,"12":1,"13":1,"14":0,"15":0,"16":1,"17":0,"18":1,"19":3},"f":{"0":3,"1":1,"2":0,"3":1,"4":1,"5":0,"6":1},"b":{"0":[0,1]},"_coverageSchema":"1a1c01bbd47fc00a2c39e90264f33305004495a9","hash":"bc3b05ae3d8e82dc9872ae01fc314ebd14dccfb7"}
,"C:\\Users\\pavlo\\WebstormProjects\\4web - Copy - Copy\\src\\Pages\\Reservation\\CreateReservation.js": {"path":"C:\\Users\\pavlo\\WebstormProjects\\4web - Copy - Copy\\src\\Pages\\Reservation\\CreateReservation.js","statementMap":{"0":{"start":{"line":7,"column":26},"end":{"line":92,"column":1}},"1":{"start":{"line":8,"column":23},"end":{"line":8,"column":36}},"2":{"start":{"line":9,"column":24},"end":{"line":9,"column":70}},"3":{"start":{"line":10,"column":30},"end":{"line":10,"column":42}},"4":{"start":{"line":11,"column":28},"end":{"line":17,"column":6}},"5":{"start":{"line":19,"column":25},"end":{"line":22,"column":5}},"6":{"start":{"line":20,"column":8},"end":{"line":20,"column":23}},"7":{"start":{"line":21,"column":8},"end":{"line":21,"column":60}},"8":{"start":{"line":24,"column":34},"end":{"line":55,"column":5}},"9":{"start":{"line":25,"column":8},"end":{"line":25,"column":26}},"10":{"start":{"line":27,"column":8},"end":{"line":27,"column":22}},"11":{"start":{"line":28,"column":29},"end":{"line":34,"column":9}},"12":{"start":{"line":36,"column":24},"end":{"line":36,"column":37}},"13":{"start":{"line":38,"column":8},"end":{"line":38,"column":71}},"14":{"start":{"line":39,"column":8},"end":{"line":39,"column":56}},"15":{"start":{"line":41,"column":8},"end":{"line":51,"column":10}},"16":{"start":{"line":46,"column":12},"end":{"line":48,"column":13}},"17":{"start":{"line":47,"column":16},"end":{"line":47,"column":36}},"18":{"start":{"line":50,"column":12},"end":{"line":50,"column":37}},"19":{"start":{"line":57,"column":4},"end":{"line":89,"column":5}},"20":{"start":{"line":58,"column":8},"end":{"line":58,"column":28}},"21":{"start":{"line":60,"column":8},"end":{"line":88,"column":9}}},"fnMap":{"0":{"name":"(anonymous_0)","decl":{"start":{"line":7,"column":26},"end":{"line":7,"column":27}},"loc":{"start":{"line":7,"column":32},"end":{"line":92,"column":1}},"line":7},"1":{"name":"(anonymous_1)","decl":{"start":{"line":19,"column":25},"end":{"line":19,"column":26}},"loc":{"start":{"line":19,"column":30},"end":{"line":22,"column":5}},"line":19},"2":{"name":"(anonymous_2)","decl":{"start":{"line":24,"column":34},"end":{"line":24,"column":35}},"loc":{"start":{"line":24,"column":45},"end":{"line":55,"column":5}},"line":24},"3":{"name":"(anonymous_3)","decl":{"start":{"line":45,"column":16},"end":{"line":45,"column":17}},"loc":{"start":{"line":45,"column":29},"end":{"line":49,"column":9}},"line":45},"4":{"name":"(anonymous_4)","decl":{"start":{"line":49,"column":17},"end":{"line":49,"column":18}},"loc":{"start":{"line":49,"column":24},"end":{"line":51,"column":9}},"line":49}},"branchMap":{"0":{"loc":{"start":{"line":46,"column":12},"end":{"line":48,"column":13}},"type":"if","locations":[{"start":{"line":46,"column":12},"end":{"line":48,"column":13}},{"start":{},"end":{}}],"line":46},"1":{"loc":{"start":{"line":57,"column":4},"end":{"line":89,"column":5}},"type":"if","locations":[{"start":{"line":57,"column":4},"end":{"line":89,"column":5}},{"start":{"line":59,"column":11},"end":{"line":89,"column":5}}],"line":57}},"s":{"0":2,"1":2,"2":2,"3":2,"4":2,"5":2,"6":0,"7":0,"8":2,"9":1,"10":1,"11":1,"12":1,"13":1,"14":1,"15":1,"16":1,"17":0,"18":0,"19":2,"20":0,"21":2},"f":{"0":2,"1":0,"2":1,"3":1,"4":0},"b":{"0":[0,1],"1":[0,2]},"_coverageSchema":"1a1c01bbd47fc00a2c39e90264f33305004495a9","hash":"59837f71ec35ab788aa77becdeb515f0c5a84221"}
,"C:\\Users\\pavlo\\WebstormProjects\\4web - Copy - Copy\\src\\Pages\\Reservation\\EditReservation.js": {"path":"C:\\Users\\pavlo\\WebstormProjects\\4web - Copy - Copy\\src\\Pages\\Reservation\\EditReservation.js","statementMap":{"0":{"start":{"line":8,"column":24},"end":{"line":128,"column":1}},"1":{"start":{"line":9,"column":23},"end":{"line":9,"column":36}},"2":{"start":{"line":10,"column":24},"end":{"line":10,"column":70}},"3":{"start":{"line":11,"column":17},"end":{"line":11,"column":28}},"4":{"start":{"line":13,"column":20},"end":{"line":13,"column":33}},"5":{"start":{"line":14,"column":4},"end":{"line":14,"column":101}},"6":{"start":{"line":15,"column":4},"end":{"line":15,"column":52}},"7":{"start":{"line":17,"column":20},"end":{"line":23,"column":5}},"8":{"start":{"line":18,"column":8},"end":{"line":22,"column":10}},"9":{"start":{"line":25,"column":30},"end":{"line":25,"column":42}},"10":{"start":{"line":27,"column":28},"end":{"line":33,"column":6}},"11":{"start":{"line":36,"column":32},"end":{"line":59,"column":5}},"12":{"start":{"line":37,"column":8},"end":{"line":37,"column":26}},"13":{"start":{"line":39,"column":8},"end":{"line":58,"column":10}},"14":{"start":{"line":43,"column":12},"end":{"line":55,"column":13}},"15":{"start":{"line":44,"column":16},"end":{"line":44,"column":36}},"16":{"start":{"line":46,"column":17},"end":{"line":55,"column":13}},"17":{"start":{"line":47,"column":12},"end":{"line":47,"column":69}},"18":{"start":{"line":52,"column":16},"end":{"line":54,"column":18}},"19":{"start":{"line":53,"column":20},"end":{"line":53,"column":34}},"20":{"start":{"line":57,"column":12},"end":{"line":57,"column":26}},"21":{"start":{"line":62,"column":30},"end":{"line":90,"column":5}},"22":{"start":{"line":63,"column":8},"end":{"line":63,"column":26}},"23":{"start":{"line":66,"column":8},"end":{"line":66,"column":23}},"24":{"start":{"line":67,"column":29},"end":{"line":73,"column":9}},"25":{"start":{"line":75,"column":8},"end":{"line":89,"column":10}},"26":{"start":{"line":76,"column":12},"end":{"line":86,"column":13}},"27":{"start":{"line":77,"column":16},"end":{"line":77,"column":40}},"28":{"start":{"line":78,"column":19},"end":{"line":86,"column":13}},"29":{"start":{"line":79,"column":16},"end":{"line":79,"column":73}},"30":{"start":{"line":83,"column":16},"end":{"line":85,"column":19}},"31":{"start":{"line":84,"column":20},"end":{"line":84,"column":34}},"32":{"start":{"line":88,"column":12},"end":{"line":88,"column":26}},"33":{"start":{"line":91,"column":25},"end":{"line":94,"column":5}},"34":{"start":{"line":92,"column":8},"end":{"line":92,"column":23}},"35":{"start":{"line":93,"column":8},"end":{"line":93,"column":60}},"36":{"start":{"line":98,"column":4},"end":{"line":127,"column":5}}},"fnMap":{"0":{"name":"(anonymous_0)","decl":{"start":{"line":8,"column":24},"end":{"line":8,"column":25}},"loc":{"start":{"line":8,"column":30},"end":{"line":128,"column":1}},"line":8},"1":{"name":"(anonymous_1)","decl":{"start":{"line":17,"column":20},"end":{"line":17,"column":21}},"loc":{"start":{"line":17,"column":36},"end":{"line":23,"column":5}},"line":17},"2":{"name":"(anonymous_2)","decl":{"start":{"line":36,"column":32},"end":{"line":36,"column":33}},"loc":{"start":{"line":36,"column":43},"end":{"line":59,"column":5}},"line":36},"3":{"name":"(anonymous_3)","decl":{"start":{"line":42,"column":16},"end":{"line":42,"column":17}},"loc":{"start":{"line":42,"column":29},"end":{"line":56,"column":9}},"line":42},"4":{"name":"(anonymous_4)","decl":{"start":{"line":52,"column":37},"end":{"line":52,"column":38}},"loc":{"start":{"line":52,"column":47},"end":{"line":54,"column":17}},"line":52},"5":{"name":"(anonymous_5)","decl":{"start":{"line":56,"column":17},"end":{"line":56,"column":18}},"loc":{"start":{"line":56,"column":23},"end":{"line":58,"column":9}},"line":56},"6":{"name":"(anonymous_6)","decl":{"start":{"line":62,"column":30},"end":{"line":62,"column":31}},"loc":{"start":{"line":62,"column":41},"end":{"line":90,"column":5}},"line":62},"7":{"name":"(anonymous_7)","decl":{"start":{"line":75,"column":35},"end":{"line":75,"column":36}},"loc":{"start":{"line":75,"column":49},"end":{"line":87,"column":9}},"line":75},"8":{"name":"(anonymous_8)","decl":{"start":{"line":83,"column":37},"end":{"line":83,"column":38}},"loc":{"start":{"line":83,"column":47},"end":{"line":85,"column":17}},"line":83},"9":{"name":"(anonymous_9)","decl":{"start":{"line":87,"column":17},"end":{"line":87,"column":18}},"loc":{"start":{"line":87,"column":24},"end":{"line":89,"column":9}},"line":87},"10":{"name":"(anonymous_10)","decl":{"start":{"line":91,"column":25},"end":{"line":91,"column":26}},"loc":{"start":{"line":91,"column":30},"end":{"line":94,"column":5}},"line":91}},"branchMap":{"0":{"loc":{"start":{"line":43,"column":12},"end":{"line":55,"column":13}},"type":"if","locations":[{"start":{"line":43,"column":12},"end":{"line":55,"column":13}},{"start":{"line":46,"column":17},"end":{"line":55,"column":13}}],"line":43},"1":{"loc":{"start":{"line":46,"column":17},"end":{"line":55,"column":13}},"type":"if","locations":[{"start":{"line":46,"column":17},"end":{"line":55,"column":13}},{"start":{"line":51,"column":12},"end":{"line":55,"column":13}}],"line":46},"2":{"loc":{"start":{"line":76,"column":12},"end":{"line":86,"column":13}},"type":"if","locations":[{"start":{"line":76,"column":12},"end":{"line":86,"column":13}},{"start":{"line":78,"column":19},"end":{"line":86,"column":13}}],"line":76},"3":{"loc":{"start":{"line":78,"column":19},"end":{"line":86,"column":13}},"type":"if","locations":[{"start":{"line":78,"column":19},"end":{"line":86,"column":13}},{"start":{"line":82,"column":12},"end":{"line":86,"column":13}}],"line":78}},"s":{"0":2,"1":2,"2":2,"3":2,"4":2,"5":2,"6":2,"7":2,"8":1,"9":2,"10":2,"11":2,"12":0,"13":0,"14":0,"15":0,"16":0,"17":0,"18":0,"19":0,"20":0,"21":2,"22":1,"23":1,"24":1,"25":1,"26":1,"27":0,"28":1,"29":0,"30":1,"31":0,"32":1,"33":2,"34":0,"35":0,"36":2},"f":{"0":2,"1":1,"2":0,"3":0,"4":0,"5":0,"6":1,"7":1,"8":0,"9":1,"10":0},"b":{"0":[0,0],"1":[0,0],"2":[0,1],"3":[0,1]},"_coverageSchema":"1a1c01bbd47fc00a2c39e90264f33305004495a9","hash":"0a7c2bb1d2de9be53a8e36ca548afce1385c39f9"}
,"C:\\Users\\pavlo\\WebstormProjects\\4web - Copy - Copy\\src\\Pages\\Reservation\\Reservation.js": {"path":"C:\\Users\\pavlo\\WebstormProjects\\4web - Copy - Copy\\src\\Pages\\Reservation\\Reservation.js","statementMap":{"0":{"start":{"line":8,"column":20},"end":{"line":46,"column":1}},"1":{"start":{"line":10,"column":22},"end":{"line":10,"column":34}},"2":{"start":{"line":12,"column":4},"end":{"line":28,"column":10}},"3":{"start":{"line":13,"column":24},"end":{"line":13,"column":37}},"4":{"start":{"line":15,"column":8},"end":{"line":15,"column":71}},"5":{"start":{"line":16,"column":8},"end":{"line":16,"column":56}},"6":{"start":{"line":18,"column":8},"end":{"line":26,"column":14}},"7":{"start":{"line":23,"column":16},"end":{"line":25,"column":17}},"8":{"start":{"line":24,"column":20},"end":{"line":24,"column":42}},"9":{"start":{"line":32,"column":4},"end":{"line":45,"column":5}}},"fnMap":{"0":{"name":"(anonymous_0)","decl":{"start":{"line":8,"column":20},"end":{"line":8,"column":21}},"loc":{"start":{"line":8,"column":26},"end":{"line":46,"column":1}},"line":8},"1":{"name":"(anonymous_1)","decl":{"start":{"line":12,"column":14},"end":{"line":12,"column":15}},"loc":{"start":{"line":12,"column":20},"end":{"line":28,"column":5}},"line":12},"2":{"name":"(anonymous_2)","decl":{"start":{"line":22,"column":18},"end":{"line":22,"column":19}},"loc":{"start":{"line":22,"column":32},"end":{"line":26,"column":13}},"line":22}},"branchMap":{"0":{"loc":{"start":{"line":23,"column":16},"end":{"line":25,"column":17}},"type":"if","locations":[{"start":{"line":23,"column":16},"end":{"line":25,"column":17}},{"start":{},"end":{}}],"line":23}},"s":{"0":2,"1":1,"2":1,"3":1,"4":1,"5":1,"6":1,"7":1,"8":0,"9":1},"f":{"0":1,"1":1,"2":1},"b":{"0":[0,1]},"_coverageSchema":"1a1c01bbd47fc00a2c39e90264f33305004495a9","hash":"ddd2819cac1919d2c1688eaf64ff77d37df996a3"}
,"C:\\Users\\pavlo\\WebstormProjects\\4web - Copy - Copy\\src\\Pages\\Reservation\\ViewAllReservation.js": {"path":"C:\\Users\\pavlo\\WebstormProjects\\4web - Copy - Copy\\src\\Pages\\Reservation\\ViewAllReservation.js","statementMap":{"0":{"start":{"line":6,"column":27},"end":{"line":47,"column":1}},"1":{"start":{"line":8,"column":22},"end":{"line":8,"column":34}},"2":{"start":{"line":10,"column":4},"end":{"line":24,"column":10}},"3":{"start":{"line":11,"column":24},"end":{"line":11,"column":37}},"4":{"start":{"line":12,"column":8},"end":{"line":12,"column":71}},"5":{"start":{"line":13,"column":8},"end":{"line":13,"column":56}},"6":{"start":{"line":15,"column":8},"end":{"line":21,"column":10}},"7":{"start":{"line":19,"column":12},"end":{"line":20,"column":43}},"8":{"start":{"line":20,"column":20},"end":{"line":20,"column":42}},"9":{"start":{"line":28,"column":4},"end":{"line":44,"column":6}}},"fnMap":{"0":{"name":"(anonymous_0)","decl":{"start":{"line":6,"column":27},"end":{"line":6,"column":28}},"loc":{"start":{"line":6,"column":33},"end":{"line":47,"column":1}},"line":6},"1":{"name":"(anonymous_1)","decl":{"start":{"line":10,"column":14},"end":{"line":10,"column":15}},"loc":{"start":{"line":10,"column":20},"end":{"line":24,"column":5}},"line":10},"2":{"name":"(anonymous_2)","decl":{"start":{"line":18,"column":16},"end":{"line":18,"column":17}},"loc":{"start":{"line":18,"column":30},"end":{"line":21,"column":9}},"line":18}},"branchMap":{"0":{"loc":{"start":{"line":19,"column":12},"end":{"line":20,"column":43}},"type":"if","locations":[{"start":{"line":19,"column":12},"end":{"line":20,"column":43}},{"start":{},"end":{}}],"line":19},"1":{"loc":{"start":{"line":36,"column":25},"end":{"line":39,"column":70}},"type":"binary-expr","locations":[{"start":{"line":36,"column":25},"end":{"line":36,"column":32}},{"start":{"line":36,"column":36},"end":{"line":36,"column":50}},{"start":{"line":37,"column":28},"end":{"line":39,"column":70}}],"line":36}},"s":{"0":2,"1":1,"2":1,"3":1,"4":1,"5":1,"6":1,"7":1,"8":0,"9":1},"f":{"0":1,"1":1,"2":1},"b":{"0":[0,1],"1":[1,1,0]},"_coverageSchema":"1a1c01bbd47fc00a2c39e90264f33305004495a9","hash":"828efcc8304eeabc5d24b497f65ca0358536a420"}
}
