TN:
SF:src\App.js
FN:13,App
FNF:1
FNH:1
FNDA:1,App
DA:14,1
LF:1
LH:1
BRF:0
BRH:0
end_of_record
TN:
SF:src\Components\Header.js
FN:6,(anonymous_0)
FN:10,(anonymous_1)
FN:17,(anonymous_2)
FNF:3
FNH:2
FNDA:17,(anonymous_0)
FNDA:1,(anonymous_1)
FNDA:0,(anonymous_2)
DA:6,10
DA:7,17
DA:9,17
DA:10,17
DA:11,1
DA:12,1
DA:13,1
DA:17,17
DA:18,0
DA:19,0
DA:20,0
DA:23,17
LF:12
LH:9
BRDA:18,0,0,0
BRDA:18,0,1,0
BRF:2
BRH:0
end_of_record
TN:
SF:src\Components\ResList.js
FN:6,(anonymous_0)
FN:9,(anonymous_1)
FNF:2
FNH:2
FNDA:1,(anonymous_0)
FNDA:3,(anonymous_1)
DA:6,3
DA:7,1
DA:10,3
DA:25,3
LF:4
LH:4
BRF:0
BRH:0
end_of_record
TN:
SF:src\Pages\Account.js
FN:6,(anonymous_0)
FN:14,(anonymous_1)
FN:24,(anonymous_2)
FNF:3
FNH:1
FNDA:5,(anonymous_0)
FNDA:0,(anonymous_1)
FNDA:0,(anonymous_2)
DA:6,2
DA:7,5
DA:8,5
DA:14,4
DA:15,0
DA:17,0
DA:18,0
DA:21,0
DA:25,0
DA:26,0
DA:34,4
LF:11
LH:5
BRDA:25,0,0,0
BRDA:25,0,1,0
BRF:2
BRH:0
end_of_record
TN:
SF:src\Pages\AccountEdit.js
FN:6,(anonymous_0)
FN:14,(anonymous_1)
FN:34,(anonymous_2)
FN:40,(anonymous_3)
FN:46,(anonymous_4)
FN:51,(anonymous_5)
FN:55,(anonymous_6)
FN:63,(anonymous_7)
FN:81,(anonymous_8)
FN:91,(anonymous_9)
FN:93,(anonymous_10)
FNF:11
FNH:8
FNDA:3,(anonymous_0)
FNDA:1,(anonymous_1)
FNDA:0,(anonymous_2)
FNDA:1,(anonymous_3)
FNDA:1,(anonymous_4)
FNDA:0,(anonymous_5)
FNDA:1,(anonymous_6)
FNDA:1,(anonymous_7)
FNDA:1,(anonymous_8)
FNDA:0,(anonymous_9)
FNDA:1,(anonymous_10)
DA:6,2
DA:7,3
DA:9,3
DA:11,3
DA:12,3
DA:14,3
DA:15,1
DA:23,3
DA:24,3
DA:26,3
DA:34,3
DA:35,0
DA:36,0
DA:40,3
DA:41,1
DA:43,1
DA:47,1
DA:48,0
DA:49,0
DA:51,1
DA:52,0
DA:56,1
DA:63,3
DA:64,1
DA:66,1
DA:68,1
DA:69,1
DA:73,1
DA:74,1
DA:81,1
DA:83,1
DA:84,0
DA:85,0
DA:86,0
DA:87,0
DA:91,1
DA:93,1
DA:98,3
LF:38
LH:29
BRDA:47,0,0,0
BRDA:47,0,1,1
BRDA:83,1,0,0
BRDA:83,1,1,1
BRF:4
BRH:2
end_of_record
TN:
SF:src\Pages\AccountRegister.js
FN:7,(anonymous_0)
FN:10,(anonymous_1)
FN:29,(anonymous_2)
FN:34,(anonymous_3)
FN:51,(anonymous_4)
FN:57,(anonymous_5)
FN:59,(anonymous_6)
FNF:7
FNH:5
FNDA:2,(anonymous_0)
FNDA:1,(anonymous_1)
FNDA:0,(anonymous_2)
FNDA:1,(anonymous_3)
FNDA:1,(anonymous_4)
FNDA:0,(anonymous_5)
FNDA:1,(anonymous_6)
DA:7,2
DA:10,2
DA:11,1
DA:18,2
DA:19,2
DA:21,2
DA:29,2
DA:30,0
DA:31,0
DA:34,2
DA:35,1
DA:37,1
DA:38,0
DA:39,0
DA:42,1
DA:43,1
DA:51,1
DA:53,1
DA:54,0
DA:55,0
DA:57,1
DA:59,1
DA:62,2
LF:23
LH:17
BRDA:37,0,0,0
BRDA:37,0,1,1
BRDA:53,1,0,0
BRDA:53,1,1,1
BRF:4
BRH:2
end_of_record
TN:
SF:src\Pages\Login.js
FN:8,(anonymous_0)
FN:10,(anonymous_1)
FN:25,(anonymous_2)
FN:30,(anonymous_3)
FN:38,(anonymous_4)
FN:43,(anonymous_5)
FN:47,(anonymous_6)
FNF:7
FNH:5
FNDA:3,(anonymous_0)
FNDA:1,(anonymous_1)
FNDA:0,(anonymous_2)
FNDA:1,(anonymous_3)
FNDA:1,(anonymous_4)
FNDA:0,(anonymous_5)
FNDA:1,(anonymous_6)
DA:8,2
DA:10,3
DA:11,1
DA:18,3
DA:19,3
DA:23,3
DA:25,3
DA:26,0
DA:27,0
DA:30,3
DA:31,1
DA:33,1
DA:38,1
DA:39,1
DA:40,0
DA:41,0
DA:43,1
DA:44,0
DA:48,1
DA:53,3
LF:20
LH:15
BRDA:39,0,0,0
BRDA:39,0,1,1
BRF:2
BRH:1
end_of_record
TN:
SF:src\Pages\Reservation\CreateReservation.js
FN:7,(anonymous_0)
FN:19,(anonymous_1)
FN:24,(anonymous_2)
FN:45,(anonymous_3)
FN:49,(anonymous_4)
FNF:5
FNH:3
FNDA:2,(anonymous_0)
FNDA:0,(anonymous_1)
FNDA:1,(anonymous_2)
FNDA:1,(anonymous_3)
FNDA:0,(anonymous_4)
DA:7,2
DA:8,2
DA:9,2
DA:10,2
DA:11,2
DA:19,2
DA:20,0
DA:21,0
DA:24,2
DA:25,1
DA:27,1
DA:28,1
DA:36,1
DA:38,1
DA:39,1
DA:41,1
DA:46,1
DA:47,0
DA:50,0
DA:57,2
DA:58,0
DA:60,2
LF:22
LH:17
BRDA:46,0,0,0
BRDA:46,0,1,1
BRDA:57,1,0,0
BRDA:57,1,1,2
BRF:4
BRH:2
end_of_record
TN:
SF:src\Pages\Reservation\EditReservation.js
FN:8,(anonymous_0)
FN:17,(anonymous_1)
FN:36,(anonymous_2)
FN:42,(anonymous_3)
FN:52,(anonymous_4)
FN:56,(anonymous_5)
FN:62,(anonymous_6)
FN:75,(anonymous_7)
FN:83,(anonymous_8)
FN:87,(anonymous_9)
FN:91,(anonymous_10)
FNF:11
FNH:5
FNDA:2,(anonymous_0)
FNDA:1,(anonymous_1)
FNDA:0,(anonymous_2)
FNDA:0,(anonymous_3)
FNDA:0,(anonymous_4)
FNDA:0,(anonymous_5)
FNDA:1,(anonymous_6)
FNDA:1,(anonymous_7)
FNDA:0,(anonymous_8)
FNDA:1,(anonymous_9)
FNDA:0,(anonymous_10)
DA:8,2
DA:9,2
DA:10,2
DA:11,2
DA:13,2
DA:14,2
DA:15,2
DA:17,2
DA:18,1
DA:25,2
DA:27,2
DA:36,2
DA:37,0
DA:39,0
DA:43,0
DA:44,0
DA:46,0
DA:47,0
DA:52,0
DA:53,0
DA:57,0
DA:62,2
DA:63,1
DA:66,1
DA:67,1
DA:75,1
DA:76,1
DA:77,0
DA:78,1
DA:79,0
DA:83,1
DA:84,0
DA:88,1
DA:91,2
DA:92,0
DA:93,0
DA:98,2
LF:37
LH:23
BRDA:43,0,0,0
BRDA:43,0,1,0
BRDA:46,1,0,0
BRDA:46,1,1,0
BRDA:76,2,0,0
BRDA:76,2,1,1
BRDA:78,3,0,0
BRDA:78,3,1,1
BRF:8
BRH:2
end_of_record
TN:
SF:src\Pages\Reservation\Reservation.js
FN:8,(anonymous_0)
FN:12,(anonymous_1)
FN:22,(anonymous_2)
FNF:3
FNH:3
FNDA:1,(anonymous_0)
FNDA:1,(anonymous_1)
FNDA:1,(anonymous_2)
DA:8,2
DA:10,1
DA:12,1
DA:13,1
DA:15,1
DA:16,1
DA:18,1
DA:23,1
DA:24,0
DA:32,1
LF:10
LH:9
BRDA:23,0,0,0
BRDA:23,0,1,1
BRF:2
BRH:1
end_of_record
TN:
SF:src\Pages\Reservation\ViewAllReservation.js
FN:6,(anonymous_0)
FN:10,(anonymous_1)
FN:18,(anonymous_2)
FNF:3
FNH:3
FNDA:1,(anonymous_0)
FNDA:1,(anonymous_1)
FNDA:1,(anonymous_2)
DA:6,2
DA:8,1
DA:10,1
DA:11,1
DA:12,1
DA:13,1
DA:15,1
DA:19,1
DA:20,0
DA:28,1
LF:10
LH:9
BRDA:19,0,0,0
BRDA:19,0,1,1
BRDA:36,1,0,1
BRDA:36,1,1,1
BRDA:36,1,2,0
BRF:5
BRH:3
end_of_record
